<?xml version="1.0" encoding="UTF-8"?>
<!-- Generated by org.testng.reporters.JUnitXMLReporter -->
<testsuite ignored="0" hostname="DESKTOP-PE0VDKC" failures="1" tests="32" name="Sauce_Lab_Test" time="390.697" errors="0" timestamp="2024-01-05T15:17:42 IST">
  <testcase classname="testCases.Cart_Page_Test" name="verifyCartPageLableTest" time="0.643"/>
  <testcase classname="testCases.Cart_Page_Test" name="verifyCartPageUrlTest" time="0.035"/>
  <testcase classname="testCases.Cart_Page_Test" name="verifyClickOnCheckOutBtnTest" time="0.127"/>
  <testcase classname="testCases.Cart_Page_Test" name="verifyContinueShoppingBtnTest" time="0.114"/>
  <testcase classname="testCases.Login_Page_Test" name="LoginToApplicationTest" time="0.345"/>
  <testcase classname="testCases.Login_Page_Test" name="verifyTitleOfApplicationTest" time="0.015"/>
  <testcase classname="testCases.Login_Page_Test" name="verifyUrlOfApplicationTest" time="0.028"/>
  <testcase classname="testCases.CartCheckOut_Page1_Test" name="verifyCancalButtonTest" time="0.107"/>
  <testcase classname="testCases.CartCheckOut_Page1_Test" name="verifyCheckOutLableTest" time="0.046"/>
  <testcase classname="testCases.CartCheckOut_Page1_Test" name="verifyCheckOutPageUrlTest" time="0.04"/>
  <testcase classname="testCases.CartCheckOut_Page1_Test" name="verifyUserInfoTest" time="0.522"/>
  <testcase classname="testCases.inventory_Page_Test" name="ClickOnCartIconTest" time="0.15"/>
  <testcase classname="testCases.inventory_Page_Test" name="add6ProductTest" time="0.717"/>
  <testcase classname="testCases.inventory_Page_Test" name="add6ProductTest" time="0.658"/>
  <testcase classname="testCases.inventory_Page_Test" name="add6ProductTest" time="0.762"/>
  <testcase classname="testCases.inventory_Page_Test" name="remove2ProductTest" time="0.821"/>
  <testcase classname="testCases.inventory_Page_Test" name="verifyFacebookLogoTest" time="0.048"/>
  <testcase classname="testCases.inventory_Page_Test" name="verifyFotterTextTest" time="0.089">
    <failure type="java.lang.AssertionError" message="expected [© 2024 Sauce Labs. All Rights Reserved. Terms of Service | Privacy Policy] but found [© 2023 Sauce Labs. All Rights Reserved. Terms of Service | Privacy Policy]">
      <![CDATA[java.lang.AssertionError: expected [© 2024 Sauce Labs. All Rights Reserved. Terms of Service | Privacy Policy] but found [© 2023 Sauce Labs. All Rights Reserved. Terms of Service | Privacy Policy]
at testCases.inventory_Page_Test.verifyFotterTextTest(inventory_Page_Test.java:45)
at java.base/java.util.ArrayList.forEach(ArrayList.java:1511)
... Removed 33 stack frames]]>
    </failure>
  </testcase> <!-- verifyFotterTextTest -->
  <testcase classname="testCases.inventory_Page_Test" name="verifyLinkedInLogoTest" time="0.031"/>
  <testcase classname="testCases.inventory_Page_Test" name="verifyProductLableTest" time="0.074"/>
  <testcase classname="testCases.inventory_Page_Test" name="verifyTwitterLogoTest" time="0.049"/>
  <testcase classname="testCases.CheckOut_Page2_Test" name="verifyCancalButtonTest" time="0.15"/>
  <testcase classname="testCases.CheckOut_Page2_Test" name="verifyCheckOutOverviewLableTest" time="0.035"/>
  <testcase classname="testCases.CheckOut_Page2_Test" name="verifyFinishButtonTest" time="0.092"/>
  <testcase classname="testCases.CheckOut_Page2_Test" name="verifyFreePonyExpressDeliveryTxtTest" time="0.035"/>
  <testcase classname="testCases.CheckOut_Page2_Test" name="verifyPaymentInfoTest" time="0.039"/>
  <testcase classname="testCases.CheckOut_Page2_Test" name="verifyPriceTotalTxtTest" time="0.044"/>
  <testcase classname="testCases.CheckOut_Page2_Test" name="verifySauceCardTxtTest" time="0.037"/>
  <testcase classname="testCases.CheckOut_Page2_Test" name="verifyShippingInformationTxtTest" time="0.032"/>
  <testcase classname="testCases.CheckOut_Page2_Test" name="verifySummaryInfoLableTxtTest" time="0.044"/>
  <testcase classname="testCases.CheckOut_Page2_Test" name="verifySummarySubtotalTxtTest" time="0.033"/>
  <testcase classname="testCases.CheckOut_Page2_Test" name="verifySummaryTaxLableTxtTest" time="0.031"/>
</testsuite> <!-- Sauce_Lab_Test -->
